<?xml version="1.0" encoding="UTF-8"?>
<robot generator="Robot 5.0.1 (Python 3.10.5 on win32)" generated="20220805 12:14:24.438" rpa="false" schemaversion="3">
<suite id="s1" name="Simplcacl Test" source="E:\Github\RobotFramework-Mobile-Testing-Team-2\simplcacl_test.robot">
<test id="s1-t1" name="Test_additional" line="14">
<kw name="Open_calculator">
<kw name="Open Application" library="AppiumLibrary">
<arg>${host}</arg>
<arg>platformName=${platAndroid}</arg>
<arg>deviceName=${redmi9}</arg>
<arg>appPackage=com.everydaycalculation.casiocalculator</arg>
<arg>appActivity=com.everydaycalculation.casiocalculator.Basic</arg>
<doc>Opens a new application to given Appium server.
Capabilities of appium server, Android and iOS,
Please check https://github.com/appium/appium/blob/master/docs/en/writing-running-appium/server-args.md
| *Option*            | *Man.* | *Description*     |
| remote_url          | Yes    | Appium server url |
| alias               | no     | alias             |</doc>
<status status="PASS" starttime="20220805 12:14:24.575" endtime="20220805 12:14:35.935"/>
</kw>
<status status="PASS" starttime="20220805 12:14:24.575" endtime="20220805 12:14:35.935"/>
</kw>
<kw name="Click Element" library="AppiumLibrary">
<arg>id=com.everydaycalculation.casiocalculator:id/btn_9</arg>
<doc>Click element identified by `locator`.</doc>
<msg timestamp="20220805 12:14:35.935" level="INFO">Clicking element 'id=com.everydaycalculation.casiocalculator:id/btn_9'.</msg>
<status status="PASS" starttime="20220805 12:14:35.935" endtime="20220805 12:14:37.020"/>
</kw>
<kw name="Element Should Contain Text" library="AppiumLibrary">
<arg>id=com.everydaycalculation.casiocalculator:id/txt_out</arg>
<arg>9</arg>
<doc>Verifies element identified by ``locator`` contains text ``expected``.</doc>
<msg timestamp="20220805 12:14:37.022" level="INFO">Verifying element 'id=com.everydaycalculation.casiocalculator:id/txt_out' contains text '9'.</msg>
<status status="PASS" starttime="20220805 12:14:37.021" endtime="20220805 12:14:37.533"/>
</kw>
<kw name="Click Element" library="AppiumLibrary">
<arg>id=com.everydaycalculation.casiocalculator:id/btn_add</arg>
<doc>Click element identified by `locator`.</doc>
<msg timestamp="20220805 12:14:37.533" level="INFO">Clicking element 'id=com.everydaycalculation.casiocalculator:id/btn_add'.</msg>
<status status="PASS" starttime="20220805 12:14:37.533" endtime="20220805 12:14:37.678"/>
</kw>
<kw name="Click Element" library="AppiumLibrary">
<arg>id=com.everydaycalculation.casiocalculator:id/btn_3</arg>
<doc>Click element identified by `locator`.</doc>
<msg timestamp="20220805 12:14:37.678" level="INFO">Clicking element 'id=com.everydaycalculation.casiocalculator:id/btn_3'.</msg>
<status status="PASS" starttime="20220805 12:14:37.678" endtime="20220805 12:14:39.319"/>
</kw>
<kw name="Element Should Contain Text" library="AppiumLibrary">
<arg>id=com.everydaycalculation.casiocalculator:id/txt_out</arg>
<arg>3</arg>
<doc>Verifies element identified by ``locator`` contains text ``expected``.</doc>
<msg timestamp="20220805 12:14:39.319" level="INFO">Verifying element 'id=com.everydaycalculation.casiocalculator:id/txt_out' contains text '3'.</msg>
<status status="PASS" starttime="20220805 12:14:39.319" endtime="20220805 12:14:39.862"/>
</kw>
<kw name="Element Should Contain Text" library="AppiumLibrary">
<arg>com.everydaycalculation.casiocalculator:id/txt_hint</arg>
<arg>9 +</arg>
<doc>Verifies element identified by ``locator`` contains text ``expected``.</doc>
<msg timestamp="20220805 12:14:39.862" level="INFO">Verifying element 'com.everydaycalculation.casiocalculator:id/txt_hint' contains text '9 +'.</msg>
<status status="PASS" starttime="20220805 12:14:39.862" endtime="20220805 12:14:39.926"/>
</kw>
<kw name="Click Element" library="AppiumLibrary">
<arg>id=com.everydaycalculation.casiocalculator:id/btn_equals</arg>
<doc>Click element identified by `locator`.</doc>
<msg timestamp="20220805 12:14:39.928" level="INFO">Clicking element 'id=com.everydaycalculation.casiocalculator:id/btn_equals'.</msg>
<status status="PASS" starttime="20220805 12:14:39.927" endtime="20220805 12:14:40.013"/>
</kw>
<kw name="Element Should Contain Text" library="AppiumLibrary">
<arg>com.everydaycalculation.casiocalculator:id/txt_hint</arg>
<arg>9 + 3</arg>
<doc>Verifies element identified by ``locator`` contains text ``expected``.</doc>
<msg timestamp="20220805 12:14:40.013" level="INFO">Verifying element 'com.everydaycalculation.casiocalculator:id/txt_hint' contains text '9 + 3'.</msg>
<status status="PASS" starttime="20220805 12:14:40.013" endtime="20220805 12:14:40.563"/>
</kw>
<kw name="Element Should Contain Text" library="AppiumLibrary">
<arg>id=com.everydaycalculation.casiocalculator:id/txt_out</arg>
<arg>12</arg>
<doc>Verifies element identified by ``locator`` contains text ``expected``.</doc>
<msg timestamp="20220805 12:14:40.565" level="INFO">Verifying element 'id=com.everydaycalculation.casiocalculator:id/txt_out' contains text '12'.</msg>
<status status="PASS" starttime="20220805 12:14:40.564" endtime="20220805 12:14:40.611"/>
</kw>
<tag>calculator</tag>
<status status="PASS" starttime="20220805 12:14:24.575" endtime="20220805 12:14:40.612"/>
</test>
<status status="PASS" starttime="20220805 12:14:24.438" endtime="20220805 12:14:40.612"/>
</suite>
<statistics>
<total>
<stat pass="1" fail="0" skip="0">All Tests</stat>
</total>
<tag>
<stat pass="1" fail="0" skip="0">calculator</stat>
</tag>
<suite>
<stat pass="1" fail="0" skip="0" id="s1" name="Simplcacl Test">Simplcacl Test</stat>
</suite>
</statistics>
<errors>
</errors>
</robot>
