<?xml version="1.0" encoding="UTF-8"?>
<robot generator="Robot 5.0.1 (Python 3.10.5 on win32)" generated="20220811 14:34:53.572" rpa="false" schemaversion="3">
<suite id="s1" name="00 OpenApplication" source="E:\Github\RobotFramework-Mobile-Testing-Team-2\00_OpenApplication.robot">
<test id="s1-t1" name="open_camera" line="18">
<kw name="Open Application" library="AppiumLibrary">
<arg>${host}</arg>
<arg>platformName=${platAndroid}</arg>
<arg>deviceName=${redmi9}</arg>
<arg>appPackage=net.sourceforge.opencamera</arg>
<arg>appActivity=net.sourceforge.opencamera.MainActivity</arg>
<arg>autoGrantPermissions=true</arg>
<doc>Opens a new application to given Appium server.
Capabilities of appium server, Android and iOS,
Please check https://github.com/appium/appium/blob/master/docs/en/writing-running-appium/server-args.md
| *Option*            | *Man.* | *Description*     |
| remote_url          | Yes    | Appium server url |
| alias               | no     | alias             |</doc>
<status status="PASS" starttime="20220811 14:34:53.704" endtime="20220811 14:35:05.351"/>
</kw>
<tag>camera</tag>
<status status="PASS" starttime="20220811 14:34:53.704" endtime="20220811 14:35:05.351"/>
</test>
<status status="PASS" starttime="20220811 14:34:53.573" endtime="20220811 14:35:05.352"/>
</suite>
<statistics>
<total>
<stat pass="1" fail="0" skip="0">All Tests</stat>
</total>
<tag>
<stat pass="1" fail="0" skip="0">camera</stat>
</tag>
<suite>
<stat pass="1" fail="0" skip="0" id="s1" name="00 OpenApplication">00 OpenApplication</stat>
</suite>
</statistics>
<errors>
</errors>
</robot>
