<?xml version="1.0" encoding="UTF-8"?>
<robot generator="Robot 5.0.1 (Python 3.10.5 on win32)" generated="20220811 10:29:00.729" rpa="false" schemaversion="3">
<suite id="s1" name="00 OpenApplication" source="E:\Github\RobotFramework-Mobile-Testing-Team-2\00_OpenApplication.robot">
<test id="s1-t1" name="open_calculator" line="13">
<kw name="Open Application" library="AppiumLibrary">
<arg>${host}</arg>
<arg>platformName=${platAndroid}</arg>
<arg>deviceName=${emulator}</arg>
<arg>appPackage=com.everydaycalculation.casiocalculator</arg>
<arg>appActivity=com.everydaycalculation.casiocalculator.Basic</arg>
<arg>autoGrantPermissions=true</arg>
<doc>Opens a new application to given Appium server.
Capabilities of appium server, Android and iOS,
Please check https://github.com/appium/appium/blob/master/docs/en/writing-running-appium/server-args.md
| *Option*            | *Man.* | *Description*     |
| remote_url          | Yes    | Appium server url |
| alias               | no     | alias             |</doc>
<status status="PASS" starttime="20220811 10:29:00.927" endtime="20220811 10:29:15.067"/>
</kw>
<kw name="Wait Until Page Contains Element" library="AppiumLibrary">
<arg>id=com.everydaycalculation.casiocalculator:id/mainLayout</arg>
<doc>Waits until element specified with `locator` appears on current page.</doc>
<status status="PASS" starttime="20220811 10:29:15.067" endtime="20220811 10:29:15.977"/>
</kw>
<tag>calc</tag>
<status status="PASS" starttime="20220811 10:29:00.927" endtime="20220811 10:29:15.987"/>
</test>
<status status="PASS" starttime="20220811 10:29:00.729" endtime="20220811 10:29:15.987"/>
</suite>
<statistics>
<total>
<stat pass="1" fail="0" skip="0">All Tests</stat>
</total>
<tag>
<stat pass="1" fail="0" skip="0">calc</stat>
</tag>
<suite>
<stat pass="1" fail="0" skip="0" id="s1" name="00 OpenApplication">00 OpenApplication</stat>
</suite>
</statistics>
<errors>
</errors>
</robot>
